生成启动时间为 28/02/2019 09:43:54。
     1>项目“C:\Users\inksci\Documents\Visual Studio 2010\Projects\Sender-Video-Based-Data-Trans-3\MFCApplication3.vcxproj”在节点 2 上(rebuild 个目标)。
     1>_PrepareForClean:
         正在删除文件“Debug\MFCApplication3.lastbuildstate”。
       InitializeBuildStatus:
         正在创建“Debug\MFCApplication3.unsuccessfulbuild”，因为已指定“AlwaysCreate”。
       ClCompile:
         D:\Program Files (x86)\Microsoft Visual Studio 10.0\VC\bin\CL.exe /c /ZI /nologo /W3 /WX- /Od /Oy- /D WIN32 /D _WINDOWS /D _DEBUG /D _UNICODE /D UNICODE /D _AFXDLL /Gm /EHsc /RTC1 /MDd /GS /fp:precise /Zc:wchar_t /Zc:forScope /Yc"StdAfx.h" /Fp"Debug\MFCApplication3.pch" /Fo"Debug\\" /Fd"Debug\vc100.pdb" /Gd /TP /analyze- /errorReport:prompt stdafx.cpp
         stdafx.cpp
         D:\Program Files (x86)\Microsoft Visual Studio 10.0\VC\bin\CL.exe /c /ZI /nologo /W3 /WX- /Od /Oy- /D WIN32 /D _WINDOWS /D _DEBUG /D _UNICODE /D UNICODE /D _AFXDLL /Gm /EHsc /RTC1 /MDd /GS /fp:precise /Zc:wchar_t /Zc:forScope /Yu"StdAfx.h" /Fp"Debug\MFCApplication3.pch" /Fo"Debug\\" /Fd"Debug\vc100.pdb" /Gd /TP /analyze- /errorReport:prompt MFCApplication3.cpp MFCApplication3Dlg.cpp MissileTrajectorySimulation.Cpp
         MissileTrajectorySimulation.Cpp
     1>c:\users\inksci\documents\visual studio 2010\projects\sender-video-based-data-trans-3\missiletrajectorysimulation.cpp(81): warning C4996: 'fopen': This function or variable may be unsafe. Consider using fopen_s instead. To disable deprecation, use _CRT_SECURE_NO_WARNINGS. See online help for details.
                 d:\program files (x86)\microsoft visual studio 10.0\vc\include\stdio.h(234) : 参见“fopen”的声明
     1>c:\users\inksci\documents\visual studio 2010\projects\sender-video-based-data-trans-3\missiletrajectorysimulation.cpp(95): warning C4996: 'getch': The POSIX name for this item is deprecated. Instead, use the ISO C++ conformant name: _getch. See online help for details.
                 d:\program files (x86)\microsoft visual studio 10.0\vc\include\conio.h(128) : 参见“getch”的声明
     1>c:\users\inksci\documents\visual studio 2010\projects\sender-video-based-data-trans-3\missiletrajectorysimulation.cpp(118): warning C4996: 'fscanf': This function or variable may be unsafe. Consider using fscanf_s instead. To disable deprecation, use _CRT_SECURE_NO_WARNINGS. See online help for details.
                 d:\program files (x86)\microsoft visual studio 10.0\vc\include\stdio.h(253) : 参见“fscanf”的声明
     1>c:\users\inksci\documents\visual studio 2010\projects\sender-video-based-data-trans-3\missiletrajectorysimulation.cpp(124): warning C4996: 'fopen': This function or variable may be unsafe. Consider using fopen_s instead. To disable deprecation, use _CRT_SECURE_NO_WARNINGS. See online help for details.
                 d:\program files (x86)\microsoft visual studio 10.0\vc\include\stdio.h(234) : 参见“fopen”的声明
     1>c:\users\inksci\documents\visual studio 2010\projects\sender-video-based-data-trans-3\missiletrajectorysimulation.cpp(127): warning C4996: 'fscanf': This function or variable may be unsafe. Consider using fscanf_s instead. To disable deprecation, use _CRT_SECURE_NO_WARNINGS. See online help for details.
                 d:\program files (x86)\microsoft visual studio 10.0\vc\include\stdio.h(253) : 参见“fscanf”的声明
         MFCApplication3Dlg.cpp
     1>c:\users\inksci\documents\visual studio 2010\projects\sender-video-based-data-trans-3\mfcapplication3dlg.cpp(499): warning C4996: 'fopen': This function or variable may be unsafe. Consider using fopen_s instead. To disable deprecation, use _CRT_SECURE_NO_WARNINGS. See online help for details.
                 d:\program files (x86)\microsoft visual studio 10.0\vc\include\stdio.h(234) : 参见“fopen”的声明
     1>c:\users\inksci\documents\visual studio 2010\projects\sender-video-based-data-trans-3\mfcapplication3dlg.cpp(516): warning C4244: “参数”: 从“double”转换到“int”，可能丢失数据
     1>c:\users\inksci\documents\visual studio 2010\projects\sender-video-based-data-trans-3\mfcapplication3dlg.cpp(516): warning C4244: “参数”: 从“double”转换到“int”，可能丢失数据
     1>c:\users\inksci\documents\visual studio 2010\projects\sender-video-based-data-trans-3\mfcapplication3dlg.cpp(520): warning C4244: “参数”: 从“double”转换到“int”，可能丢失数据
     1>c:\users\inksci\documents\visual studio 2010\projects\sender-video-based-data-trans-3\mfcapplication3dlg.cpp(520): warning C4244: “参数”: 从“double”转换到“int”，可能丢失数据
     1>c:\users\inksci\documents\visual studio 2010\projects\sender-video-based-data-trans-3\mfcapplication3dlg.cpp(523): warning C4244: “参数”: 从“double”转换到“int”，可能丢失数据
     1>c:\users\inksci\documents\visual studio 2010\projects\sender-video-based-data-trans-3\mfcapplication3dlg.cpp(523): warning C4244: “参数”: 从“double”转换到“int”，可能丢失数据
     1>c:\users\inksci\documents\visual studio 2010\projects\sender-video-based-data-trans-3\mfcapplication3dlg.cpp(625): warning C4996: 'fopen': This function or variable may be unsafe. Consider using fopen_s instead. To disable deprecation, use _CRT_SECURE_NO_WARNINGS. See online help for details.
                 d:\program files (x86)\microsoft visual studio 10.0\vc\include\stdio.h(234) : 参见“fopen”的声明
     1>c:\users\inksci\documents\visual studio 2010\projects\sender-video-based-data-trans-3\mfcapplication3dlg.cpp(642): warning C4244: “参数”: 从“double”转换到“int”，可能丢失数据
     1>c:\users\inksci\documents\visual studio 2010\projects\sender-video-based-data-trans-3\mfcapplication3dlg.cpp(642): warning C4244: “参数”: 从“double”转换到“int”，可能丢失数据
     1>c:\users\inksci\documents\visual studio 2010\projects\sender-video-based-data-trans-3\mfcapplication3dlg.cpp(646): warning C4244: “参数”: 从“double”转换到“int”，可能丢失数据
     1>c:\users\inksci\documents\visual studio 2010\projects\sender-video-based-data-trans-3\mfcapplication3dlg.cpp(646): warning C4244: “参数”: 从“double”转换到“int”，可能丢失数据
     1>c:\users\inksci\documents\visual studio 2010\projects\sender-video-based-data-trans-3\mfcapplication3dlg.cpp(649): warning C4244: “参数”: 从“double”转换到“int”，可能丢失数据
     1>c:\users\inksci\documents\visual studio 2010\projects\sender-video-based-data-trans-3\mfcapplication3dlg.cpp(649): warning C4244: “参数”: 从“double”转换到“int”，可能丢失数据
         MFCApplication3.cpp
         正在生成代码...
       ResourceCompile:
         c:\Program Files (x86)\Microsoft SDKs\Windows\v7.0A\bin\rc.exe /D _DEBUG /D _UNICODE /D UNICODE /D _AFXDLL /l"0x0804" /IDebug\ /nologo /fo"Debug\MFCApplication3.res" MFCApplication3.rc 
       ManifestResourceCompile:
         c:\Program Files (x86)\Microsoft SDKs\Windows\v7.0A\bin\rc.exe /nologo /fo"Debug\MFCApplication3.exe.embed.manifest.res" Debug\MFCApplication3_manifest.rc 
       Link:
         D:\Program Files (x86)\Microsoft Visual Studio 10.0\VC\bin\link.exe /ERRORREPORT:PROMPT /OUT:"C:\Users\inksci\Documents\Visual Studio 2010\Projects\Sender-Video-Based-Data-Trans-3\Debug\MFCApplication3.exe" /INCREMENTAL /NOLOGO opengl32.lib pcl_kdtree_release.lib pcl_io_release.lib pcl_search_release.lib pcl_segmentation_release.lib pcl_apps_release.lib pcl_features_release.lib pcl_filters_release.lib pcl_visualization_release.lib pcl_common_release.lib flann_cpp_s.lib "libboost_system-vc100-mt-1_47.lib" "libboost_filesystem-vc100-mt-1_47.lib" "libboost_thread-vc100-mt-1_47.lib" "libboost_date_time-vc100-mt-1_47.lib" "libboost_iostreams-vc100-mt-1_47.lib" vtkalglib.lib vtkCharts.lib vtkCommon.lib vtkDICOMParser.lib vtkexoIIc.lib vtkexpat.lib vtkFiltering.lib vtkfreetype.lib vtkftgl.lib vtkGenericFiltering.lib vtkGeovis.lib vtkGraphics.lib vtkhdf5.lib vtkHybrid.lib vtkImaging.lib vtkInfovis.lib vtkIO.lib vtkjpeg.lib vtklibxml2.lib vtkmetaio.lib vtkNetCDF.lib vtkNetCDF_cxx.lib vtkpng.lib vtkproj4.lib vtkRendering.lib vtksqlite.lib vtksys.lib vtktiff.lib vtkverdict.lib vtkViews.lib vtkVolumeRendering.lib vtkWidgets.lib vtkzlib.lib opencv_calib3d249d.lib opencv_contrib249d.lib opencv_core249d.lib opencv_features2d249d.lib opencv_flann249d.lib opencv_gpu249d.lib opencv_highgui249d.lib opencv_imgproc249d.lib opencv_legacy249d.lib opencv_ml249d.lib opencv_nonfree249d.lib opencv_objdetect249d.lib opencv_ocl249d.lib opencv_photo249d.lib opencv_stitching249d.lib opencv_superres249d.lib opencv_ts249d.lib opencv_video249d.lib opencv_videostab249d.lib /MANIFEST /ManifestFile:"Debug\MFCApplication3.exe.intermediate.manifest" /MANIFESTUAC:"level='asInvoker' uiAccess='false'" /DEBUG /PDB:"C:\Users\inksci\Documents\Visual Studio 2010\Projects\Sender-Video-Based-Data-Trans-3\Debug\MFCApplication3.pdb" /SUBSYSTEM:WINDOWS /TLBID:1 /ENTRY:"wWinMainCRTStartup" /DYNAMICBASE /NXCOMPAT /IMPLIB:"C:\Users\inksci\Documents\Visual Studio 2010\Projects\Sender-Video-Based-Data-Trans-3\Debug\MFCApplication3.lib" /MACHINE:X86 Debug\MFCApplication3.res
         Debug\MFCApplication3.exe.embed.manifest.res
         Debug\MFCApplication3.obj
         Debug\MFCApplication3Dlg.obj
         Debug\MissileTrajectorySimulation.obj
         Debug\stdafx.obj
       Manifest:
         正在删除文件“Debug\MFCApplication3.exe.embed.manifest”。
         c:\Program Files (x86)\Microsoft SDKs\Windows\v7.0A\bin\mt.exe /nologo /verbose /out:"Debug\MFCApplication3.exe.embed.manifest" /manifest Debug\MFCApplication3.exe.intermediate.manifest "D:\Program Files (x86)\Microsoft Visual Studio 10.0\VC\Include\Manifest\dpiaware.manifest"
         c:\Program Files (x86)\Microsoft SDKs\Windows\v7.0A\bin\rc.exe /nologo /fo"Debug\MFCApplication3.exe.embed.manifest.res" Debug\MFCApplication3_manifest.rc 
       LinkEmbedManifest:
         D:\Program Files (x86)\Microsoft Visual Studio 10.0\VC\bin\link.exe /ERRORREPORT:PROMPT /OUT:"C:\Users\inksci\Documents\Visual Studio 2010\Projects\Sender-Video-Based-Data-Trans-3\Debug\MFCApplication3.exe" /INCREMENTAL /NOLOGO opengl32.lib pcl_kdtree_release.lib pcl_io_release.lib pcl_search_release.lib pcl_segmentation_release.lib pcl_apps_release.lib pcl_features_release.lib pcl_filters_release.lib pcl_visualization_release.lib pcl_common_release.lib flann_cpp_s.lib "libboost_system-vc100-mt-1_47.lib" "libboost_filesystem-vc100-mt-1_47.lib" "libboost_thread-vc100-mt-1_47.lib" "libboost_date_time-vc100-mt-1_47.lib" "libboost_iostreams-vc100-mt-1_47.lib" vtkalglib.lib vtkCharts.lib vtkCommon.lib vtkDICOMParser.lib vtkexoIIc.lib vtkexpat.lib vtkFiltering.lib vtkfreetype.lib vtkftgl.lib vtkGenericFiltering.lib vtkGeovis.lib vtkGraphics.lib vtkhdf5.lib vtkHybrid.lib vtkImaging.lib vtkInfovis.lib vtkIO.lib vtkjpeg.lib vtklibxml2.lib vtkmetaio.lib vtkNetCDF.lib vtkNetCDF_cxx.lib vtkpng.lib vtkproj4.lib vtkRendering.lib vtksqlite.lib vtksys.lib vtktiff.lib vtkverdict.lib vtkViews.lib vtkVolumeRendering.lib vtkWidgets.lib vtkzlib.lib opencv_calib3d249d.lib opencv_contrib249d.lib opencv_core249d.lib opencv_features2d249d.lib opencv_flann249d.lib opencv_gpu249d.lib opencv_highgui249d.lib opencv_imgproc249d.lib opencv_legacy249d.lib opencv_ml249d.lib opencv_nonfree249d.lib opencv_objdetect249d.lib opencv_ocl249d.lib opencv_photo249d.lib opencv_stitching249d.lib opencv_superres249d.lib opencv_ts249d.lib opencv_video249d.lib opencv_videostab249d.lib /MANIFEST /ManifestFile:"Debug\MFCApplication3.exe.intermediate.manifest" /MANIFESTUAC:"level='asInvoker' uiAccess='false'" /DEBUG /PDB:"C:\Users\inksci\Documents\Visual Studio 2010\Projects\Sender-Video-Based-Data-Trans-3\Debug\MFCApplication3.pdb" /SUBSYSTEM:WINDOWS /TLBID:1 /ENTRY:"wWinMainCRTStartup" /DYNAMICBASE /NXCOMPAT /IMPLIB:"C:\Users\inksci\Documents\Visual Studio 2010\Projects\Sender-Video-Based-Data-Trans-3\Debug\MFCApplication3.lib" /MACHINE:X86 Debug\MFCApplication3.res
         Debug\MFCApplication3.exe.embed.manifest.res
         Debug\MFCApplication3.obj
         Debug\MFCApplication3Dlg.obj
         Debug\MissileTrajectorySimulation.obj
         Debug\stdafx.obj
         MFCApplication3.vcxproj -> C:\Users\inksci\Documents\Visual Studio 2010\Projects\Sender-Video-Based-Data-Trans-3\Debug\MFCApplication3.exe
       FinalizeBuildStatus:
         正在删除文件“Debug\MFCApplication3.unsuccessfulbuild”。
         正在对“Debug\MFCApplication3.lastbuildstate”执行 Touch 任务。
     1>已完成生成项目“C:\Users\inksci\Documents\Visual Studio 2010\Projects\Sender-Video-Based-Data-Trans-3\MFCApplication3.vcxproj”(rebuild 个目标)的操作。

生成成功。

已用时间 00:00:10.79
