C:\Users\inksci\Documents\Visual Studio 2010\Projects\Sender-Video-Based-Data-Trans-3\Debug\cl.command.1.tlog
C:\Users\inksci\Documents\Visual Studio 2010\Projects\Sender-Video-Based-Data-Trans-3\Debug\CL.read.1.tlog
C:\Users\inksci\Documents\Visual Studio 2010\Projects\Sender-Video-Based-Data-Trans-3\Debug\CL.write.1.tlog
C:\Users\inksci\Documents\Visual Studio 2010\Projects\Sender-Video-Based-Data-Trans-3\Debug\link.command.1.tlog
C:\Users\inksci\Documents\Visual Studio 2010\Projects\Sender-Video-Based-Data-Trans-3\Debug\link.read.1.tlog
C:\Users\inksci\Documents\Visual Studio 2010\Projects\Sender-Video-Based-Data-Trans-3\Debug\link.write.1.tlog
C:\Users\inksci\Documents\Visual Studio 2010\Projects\Sender-Video-Based-Data-Trans-3\Debug\link-cvtres.read.1.tlog
C:\Users\inksci\Documents\Visual Studio 2010\Projects\Sender-Video-Based-Data-Trans-3\Debug\link-cvtres.write.1.tlog
C:\USERS\INKSCI\DOCUMENTS\VISUAL STUDIO 2010\PROJECTS\SENDER-VIDEO-BASED-DATA-TRANS-3\DEBUG\MFCAPPLICATION3.EXE
C:\USERS\INKSCI\DOCUMENTS\VISUAL STUDIO 2010\PROJECTS\SENDER-VIDEO-BASED-DATA-TRANS-3\DEBUG\MFCAPPLICATION3.EXE.EMBED.MANIFEST
C:\USERS\INKSCI\DOCUMENTS\VISUAL STUDIO 2010\PROJECTS\SENDER-VIDEO-BASED-DATA-TRANS-3\DEBUG\MFCAPPLICATION3.EXE.EMBED.MANIFEST.RES
C:\USERS\INKSCI\DOCUMENTS\VISUAL STUDIO 2010\PROJECTS\SENDER-VIDEO-BASED-DATA-TRANS-3\DEBUG\MFCAPPLICATION3.EXE.INTERMEDIATE.MANIFEST
C:\USERS\INKSCI\DOCUMENTS\VISUAL STUDIO 2010\PROJECTS\SENDER-VIDEO-BASED-DATA-TRANS-3\DEBUG\MFCAPPLICATION3.ILK
C:\USERS\INKSCI\DOCUMENTS\VISUAL STUDIO 2010\PROJECTS\SENDER-VIDEO-BASED-DATA-TRANS-3\DEBUG\MFCAPPLICATION3.OBJ
C:\USERS\INKSCI\DOCUMENTS\VISUAL STUDIO 2010\PROJECTS\SENDER-VIDEO-BASED-DATA-TRANS-3\DEBUG\MFCAPPLICATION3.PCH
C:\USERS\INKSCI\DOCUMENTS\VISUAL STUDIO 2010\PROJECTS\SENDER-VIDEO-BASED-DATA-TRANS-3\DEBUG\MFCAPPLICATION3.PDB
C:\USERS\INKSCI\DOCUMENTS\VISUAL STUDIO 2010\PROJECTS\SENDER-VIDEO-BASED-DATA-TRANS-3\DEBUG\MFCAPPLICATION3.RES
C:\Users\inksci\Documents\Visual Studio 2010\Projects\Sender-Video-Based-Data-Trans-3\Debug\MFCApplication3.write.1.tlog
C:\Users\inksci\Documents\Visual Studio 2010\Projects\Sender-Video-Based-Data-Trans-3\Debug\MFCApplication3_manifest.rc
C:\USERS\INKSCI\DOCUMENTS\VISUAL STUDIO 2010\PROJECTS\SENDER-VIDEO-BASED-DATA-TRANS-3\DEBUG\MFCAPPLICATION3DLG.OBJ
C:\USERS\INKSCI\DOCUMENTS\VISUAL STUDIO 2010\PROJECTS\SENDER-VIDEO-BASED-DATA-TRANS-3\DEBUG\MISSILETRAJECTORYSIMULATION.OBJ
C:\Users\inksci\Documents\Visual Studio 2010\Projects\Sender-Video-Based-Data-Trans-3\Debug\mt.command.1.tlog
C:\Users\inksci\Documents\Visual Studio 2010\Projects\Sender-Video-Based-Data-Trans-3\Debug\mt.read.1.tlog
C:\Users\inksci\Documents\Visual Studio 2010\Projects\Sender-Video-Based-Data-Trans-3\Debug\mt.write.1.tlog
C:\Users\inksci\Documents\Visual Studio 2010\Projects\Sender-Video-Based-Data-Trans-3\Debug\rc.command.1.tlog
C:\Users\inksci\Documents\Visual Studio 2010\Projects\Sender-Video-Based-Data-Trans-3\Debug\rc.read.1.tlog
C:\Users\inksci\Documents\Visual Studio 2010\Projects\Sender-Video-Based-Data-Trans-3\Debug\rc.write.1.tlog
C:\USERS\INKSCI\DOCUMENTS\VISUAL STUDIO 2010\PROJECTS\SENDER-VIDEO-BASED-DATA-TRANS-3\DEBUG\STDAFX.OBJ
C:\Users\inksci\Documents\Visual Studio 2010\Projects\Sender-Video-Based-Data-Trans-3\Debug\vc100.idb
C:\USERS\INKSCI\DOCUMENTS\VISUAL STUDIO 2010\PROJECTS\SENDER-VIDEO-BASED-DATA-TRANS-3\DEBUG\VC100.PDB
